TN:
SF:app.js
FN:19,(anonymous_0)
FN:53,(anonymous_1)
FN:57,(anonymous_2)
FN:67,(anonymous_3)
FN:72,(anonymous_4)
FN:80,(anonymous_5)
FN:87,(anonymous_6)
FN:94,(anonymous_7)
FNF:8
FNH:7
FNDA:1,(anonymous_0)
FNDA:8,(anonymous_1)
FNDA:8,(anonymous_2)
FNDA:0,(anonymous_3)
FNDA:1,(anonymous_4)
FNDA:1,(anonymous_5)
FNDA:1,(anonymous_6)
FNDA:1,(anonymous_7)
DA:1,1
DA:2,1
DA:3,1
DA:4,1
DA:5,1
DA:6,1
DA:7,1
DA:10,1
DA:11,1
DA:12,1
DA:14,1
DA:20,1
DA:21,0
DA:39,1
DA:41,1
DA:49,1
DA:53,1
DA:55,8
DA:58,8
DA:59,0
DA:60,0
DA:62,8
DA:67,1
DA:68,0
DA:72,1
DA:73,1
DA:74,1
DA:80,1
DA:81,1
DA:82,1
DA:87,1
DA:88,1
DA:89,1
DA:94,1
DA:95,1
DA:99,1
LF:36
LH:32
BRDA:20,0,0,0
BRDA:20,0,1,1
BRDA:58,1,0,0
BRDA:58,1,1,8
BRF:4
BRH:2
end_of_record
